Determining if the pthread_create exist failed with the following output:
Change Dir: /home/leesc427/Graduate_project/build/CMakeFiles/CMakeTmp

Run Build Command:"/usr/bin/make" "cmTC_48553/fast"
/usr/bin/make -f CMakeFiles/cmTC_48553.dir/build.make CMakeFiles/cmTC_48553.dir/build
make[1]: Entering directory '/home/leesc427/Graduate_project/build/CMakeFiles/CMakeTmp'
Building C object CMakeFiles/cmTC_48553.dir/CheckSymbolExists.c.o
/usr/bin/cc    -o CMakeFiles/cmTC_48553.dir/CheckSymbolExists.c.o   -c /home/leesc427/Graduate_project/build/CMakeFiles/CMakeTmp/CheckSymbolExists.c
Linking C executable cmTC_48553
/usr/bin/cmake -E cmake_link_script CMakeFiles/cmTC_48553.dir/link.txt --verbose=1
/usr/bin/cc      -rdynamic CMakeFiles/cmTC_48553.dir/CheckSymbolExists.c.o  -o cmTC_48553 
CMakeFiles/cmTC_48553.dir/CheckSymbolExists.c.o: In function `main':
CheckSymbolExists.c:(.text+0x1b): undefined reference to `pthread_create'
collect2: error: ld returned 1 exit status
CMakeFiles/cmTC_48553.dir/build.make:97: recipe for target 'cmTC_48553' failed
make[1]: *** [cmTC_48553] Error 1
make[1]: Leaving directory '/home/leesc427/Graduate_project/build/CMakeFiles/CMakeTmp'
Makefile:126: recipe for target 'cmTC_48553/fast' failed
make: *** [cmTC_48553/fast] Error 2

File /home/leesc427/Graduate_project/build/CMakeFiles/CMakeTmp/CheckSymbolExists.c:
/* */
#include <pthread.h>

int main(int argc, char** argv)
{
  (void)argv;
#ifndef pthread_create
  return ((int*)(&pthread_create))[argc];
#else
  (void)argc;
  return 0;
#endif
}

Determining if the function pthread_create exists in the pthreads failed with the following output:
Change Dir: /home/leesc427/Graduate_project/build/CMakeFiles/CMakeTmp

Run Build Command:"/usr/bin/make" "cmTC_84b1e/fast"
/usr/bin/make -f CMakeFiles/cmTC_84b1e.dir/build.make CMakeFiles/cmTC_84b1e.dir/build
make[1]: Entering directory '/home/leesc427/Graduate_project/build/CMakeFiles/CMakeTmp'
Building C object CMakeFiles/cmTC_84b1e.dir/CheckFunctionExists.c.o
/usr/bin/cc   -DCHECK_FUNCTION_EXISTS=pthread_create   -o CMakeFiles/cmTC_84b1e.dir/CheckFunctionExists.c.o   -c /usr/share/cmake-3.10/Modules/CheckFunctionExists.c
Linking C executable cmTC_84b1e
/usr/bin/cmake -E cmake_link_script CMakeFiles/cmTC_84b1e.dir/link.txt --verbose=1
/usr/bin/cc  -DCHECK_FUNCTION_EXISTS=pthread_create    -rdynamic CMakeFiles/cmTC_84b1e.dir/CheckFunctionExists.c.o  -o cmTC_84b1e -lpthreads 
/usr/bin/ld: cannot find -lpthreads
collect2: error: ld returned 1 exit status
CMakeFiles/cmTC_84b1e.dir/build.make:97: recipe for target 'cmTC_84b1e' failed
make[1]: *** [cmTC_84b1e] Error 1
make[1]: Leaving directory '/home/leesc427/Graduate_project/build/CMakeFiles/CMakeTmp'
Makefile:126: recipe for target 'cmTC_84b1e/fast' failed
make: *** [cmTC_84b1e/fast] Error 2


